<?xml version="1.0" encoding="UTF-8"?>
<testsuite name="test.WebServiceAutomation" tests="3" skipped="0" failures="0" errors="0" timestamp="2020-02-18T01:06:33" hostname="E6ML15705" time="4.204">
  <properties/>
  <testcase name="verifyPostMethodUsingPOJO" classname="test.WebServiceAutomation" time="3.733"/>
  <testcase name="verifyPostMethod" classname="test.WebServiceAutomation" time="0.315"/>
  <testcase name="verifyGetMethod" classname="test.WebServiceAutomation" time="0.154"/>
  <system-out><![CDATA[POST - Request Body : io.restassured.internal.RequestSpecificationImpl@361f34d7
Request method:	POST
Request URI:	http://okmry52647dns.eastus.cloudapp.azure.com:8089/rest/api/product/
Proxy:			<none>
Request params:	<none>
Query params:	<none>
Form params:	<none>
Path params:	<none>
Multiparts:		<none>
Headers:		Accept=*/*
				Content-Type=application/json; charset=UTF-8
Cookies:		<none>
Body:
{
    "availability": true,
    "categoryId": 2,
    "color": "Blue",
    "createdOn": "2020-02-02",
    "description": "Chair to sit",
    "discount": 10,
    "materialDescription": "Steel",
    "name": "Chair",
    "price": 5999,
    "updateOn": "2020-02-02",
    "warranty": 1
}
POJO --> POST Method - Response Body : {"message":"Created","httpStatus":"201 CREATED","httpStatusCode":201,"body":{"productId":651,"name":"Chair","color":"Blue","price":5999.0,"description":"Chair to sit","materialDescription":"Steel","warranty":1,"availability":true,"updateOn":"2020-02-18","createdOn":"2020-02-18","discount":10,"categoryName":"chair"},"success":true,"error":false}
POST - Request Body : io.restassured.internal.RequestSpecificationImpl@4155deea
POST - Response Body : {"message":"Created","httpStatus":"201 CREATED","httpStatusCode":201,"body":{"productId":652,"name":"Chair","color":"Blue","price":5999.0,"description":"Chair to sit","materialDescription":"Steel","warranty":1,"availability":true,"updateOn":"2020-02-18","createdOn":"2020-02-18","discount":10,"categoryName":"chair"},"success":true,"error":false}
GET - Response Body : {"message":"Product found","httpStatus":"302 FOUND","httpStatusCode":302,"body":{"pid":652,"name":"Chair","categoryId":{"id":2,"name":"chair","description":"chair to sit"},"color":"Blue","price":5999.0,"description":"Chair to sit","materialDescription":"Steel","warranty":1,"availability":true,"primaryImage":{"id":0,"pimage":null,"description":null,"title":null},"images":[],"updateOn":"2020-02-18","createdOn":"2020-02-18","discount":10},"success":true,"error":false}
]]></system-out>
  <system-err><![CDATA[]]></system-err>
</testsuite>
