<?xml version="1.0" encoding="UTF-8"?>
<testsuite name="test.BookMyFurnitureTestCases" tests="2" skipped="0" failures="0" errors="0" timestamp="2020-02-18T01:05:32" hostname="E6ML15705" time="57.394">
  <properties/>
  <testcase name="validateCredentials" classname="test.BookMyFurnitureTestCases" time="10.949"/>
  <testcase name="bookAFurniture" classname="test.BookMyFurnitureTestCases" time="32.329"/>
  <system-out><![CDATA[Screenshot taken
Screenshot taken
Screenshot taken
Screenshot taken
Screenshot taken
Payment Type***** Credit/Debit/ATM Card
Screenshot taken
Screenshot taken
]]></system-out>
  <system-err><![CDATA[Starting ChromeDriver 79.0.3945.36 (3582db32b33893869b8c1339e8f4d9ed1816f143-refs/branch-heads/3945@{#614}) on port 4917
Only local connections are allowed.
Please protect ports used by ChromeDriver and related test frameworks to prevent access by malicious code.
Feb 17, 2020 7:05:19 PM org.openqa.selenium.remote.ProtocolHandshake createSession
INFO: Detected dialect: W3C
log4j:WARN No appenders could be found for logger (test.TestNgBase).
log4j:WARN Please initialize the log4j system properly.
log4j:WARN See http://logging.apache.org/log4j/1.2/faq.html#noconfig for more info.
]]></system-err>
</testsuite>
