<?xml version="1.0" encoding="UTF-8"?>
<!-- Generated by org.testng.reporters.JUnitReportReporter -->
<testsuite skipped="0" hostname="E6ML15705" name="test.WebServiceAutomation" tests="3" failures="0" timestamp="20 Feb 2020 01:10:01 GMT" time="3.707" errors="0">
  <testcase name="verifyPostMethodUsingPOJO" time="3.294" classname="test.WebServiceAutomation"/>
  <testcase name="verifyPostMethod" time="0.203" classname="test.WebServiceAutomation"/>
  <testcase name="verifyGetMethod" time="0.210" classname="test.WebServiceAutomation"/>
</testsuite> <!-- test.WebServiceAutomation -->
