<?xml version="1.0" encoding="UTF-8"?>
<!-- Generated by org.testng.reporters.JUnitReportReporter -->
<testsuite skipped="0" hostname="azstorageexp" name="test.BookMyFurnitureTestCases" tests="2" failures="0" timestamp="12 Feb 2020 22:17:25 GMT" time="29.325" errors="0">
  <testcase name="validateCredentials" time="15.015" classname="test.BookMyFurnitureTestCases"/>
  <testcase name="bookASofa" time="14.310" classname="test.BookMyFurnitureTestCases"/>
</testsuite> <!-- test.BookMyFurnitureTestCases -->
