<?xml version="1.0" encoding="UTF-8"?>
<!-- Generated by org.testng.reporters.JUnitReportReporter -->
<testsuite skipped="0" hostname="E6ML15705" name="test.BookMyFurnitureTestCases" tests="4" failures="0" timestamp="16 Feb 2020 06:13:18 GMT" time="51.055" errors="0">
  <testcase name="validateCredentials" time="13.126" classname="test.BookMyFurnitureTestCases"/>
  <testcase name="verifyApplicationInNewTab" time="9.269" classname="test.BookMyFurnitureTestCases"/>
  <testcase name="bookAFurniture" time="17.178" classname="test.BookMyFurnitureTestCases"/>
  <testcase name="verifyApplicationInNewWindow" time="11.482" classname="test.BookMyFurnitureTestCases"/>
</testsuite> <!-- test.BookMyFurnitureTestCases -->
