<?xml version="1.0" encoding="UTF-8"?>
<!-- Generated by org.testng.reporters.JUnitReportReporter -->
<testsuite skipped="0" hostname="E6ML15705" name="test.WebServiceAutomation" tests="3" failures="0" timestamp="17 Feb 2020 00:52:22 GMT" time="4.321" errors="0">
  <testcase name="verifyPostMethodUsingPOJO" time="3.901" classname="test.WebServiceAutomation"/>
  <testcase name="verifyPostMethod" time="0.203" classname="test.WebServiceAutomation"/>
  <testcase name="verifyGetMethod" time="0.217" classname="test.WebServiceAutomation"/>
</testsuite> <!-- test.WebServiceAutomation -->
