<?xml version="1.0" encoding="UTF-8"?>
<!-- Generated by org.testng.reporters.JUnitReportReporter -->
<testsuite skipped="2" hostname="E6ML15705" name="test.BookMyFurnitureTestCases" tests="4" failures="0" timestamp="18 Feb 2020 03:59:02 GMT" time="35.241" errors="0">
  <testcase name="validateCredentials" time="13.925" classname="test.BookMyFurnitureTestCases"/>
  <testcase name="bookAFurniture" time="21.316" classname="test.BookMyFurnitureTestCases"/>
  <testcase name="verifyApplicationInNewTab" classname="test.BookMyFurnitureTestCases">
    <skipped/>
  </testcase> <!-- verifyApplicationInNewTab -->
  <testcase name="verifyApplicationInNewWindow" classname="test.BookMyFurnitureTestCases">
    <skipped/>
  </testcase> <!-- verifyApplicationInNewWindow -->
</testsuite> <!-- test.BookMyFurnitureTestCases -->
