<?xml version="1.0" encoding="UTF-8"?>
<!-- Generated by org.testng.reporters.JUnitReportReporter -->
<testsuite skipped="0" hostname="azstorageexp" name="test.BookMyFurnitureTestCases" tests="2" failures="0" timestamp="04 Feb 2020 01:17:40 GMT" time="25.328" errors="0">
  <testcase name="validateCredentials" time="11.289" classname="test.BookMyFurnitureTestCases"/>
  <testcase name="bookASofa" time="14.039" classname="test.BookMyFurnitureTestCases"/>
</testsuite> <!-- test.BookMyFurnitureTestCases -->
