<?xml version="1.0" encoding="UTF-8"?>
<!-- Generated by org.testng.reporters.JUnitReportReporter -->
<testsuite skipped="0" hostname="azstorageexp" name="test.WebServiceAutomation" tests="3" failures="0" timestamp="23 Feb 2020 18:59:20 GMT" time="1.979" errors="0">
  <testcase name="verifyPostMethodUsingPOJO" time="1.843" classname="test.WebServiceAutomation"/>
  <testcase name="verifyPostMethod" time="0.086" classname="test.WebServiceAutomation"/>
  <testcase name="verifyGetMethod" time="0.050" classname="test.WebServiceAutomation"/>
</testsuite> <!-- test.WebServiceAutomation -->
