<?xml version="1.0" encoding="UTF-8"?>
<!-- Generated by org.testng.reporters.JUnitReportReporter -->
<testsuite skipped="0" hostname="azstorageexp" name="test.BookMyFurnitureTestCases" tests="2" failures="0" timestamp="02 Feb 2020 02:13:10 GMT" time="25.899" errors="0">
  <testcase name="validateCredentials" time="11.552" classname="test.BookMyFurnitureTestCases"/>
  <testcase name="bookASofa" time="14.347" classname="test.BookMyFurnitureTestCases"/>
</testsuite> <!-- test.BookMyFurnitureTestCases -->
