<?xml version="1.0" encoding="UTF-8"?>
<!-- Generated by org.testng.reporters.JUnitReportReporter -->
<testsuite skipped="0" hostname="E6ML15705" name="test.WebServiceAutomation" tests="3" failures="0" timestamp="16 Feb 2020 06:00:04 GMT" time="3.260" errors="0">
  <testcase name="verifyPostMethodUsingPOJO" time="2.841" classname="test.WebServiceAutomation"/>
  <testcase name="verifyPostMethod" time="0.201" classname="test.WebServiceAutomation"/>
  <testcase name="verifyGetMethod" time="0.218" classname="test.WebServiceAutomation"/>
</testsuite> <!-- test.WebServiceAutomation -->
