<?xml version="1.0" encoding="UTF-8"?>
<!-- Generated by org.testng.reporters.JUnitReportReporter -->
<testsuite skipped="3" hostname="E6ML15705" name="test.BookMyFurnitureTestCases" tests="4" failures="0" timestamp="17 Feb 2020 03:52:05 GMT" time="19.506" errors="0">
  <testcase name="bookAFurniture" time="19.506" classname="test.BookMyFurnitureTestCases"/>
  <testcase name="verifyApplicationInNewTab" classname="test.BookMyFurnitureTestCases">
    <skipped/>
  </testcase> <!-- verifyApplicationInNewTab -->
  <testcase name="verifyApplicationInNewWindow" classname="test.BookMyFurnitureTestCases">
    <skipped/>
  </testcase> <!-- verifyApplicationInNewWindow -->
  <testcase name="validateCredentials" classname="test.BookMyFurnitureTestCases">
    <skipped/>
  </testcase> <!-- validateCredentials -->
</testsuite> <!-- test.BookMyFurnitureTestCases -->
