<?xml version="1.0" encoding="UTF-8"?>
<!-- Generated by org.testng.reporters.JUnitReportReporter -->
<<<<<<< HEAD
<testsuite skipped="0" hostname="E6ML15705" name="test.BookMyFurnitureTestCases" tests="4" failures="0" timestamp="20 Feb 2020 00:58:27 GMT" time="65.495" errors="0">
  <testcase name="validateCredentials" time="16.976" classname="test.BookMyFurnitureTestCases"/>
  <testcase name="verifyApplicationInNewTab" time="12.430" classname="test.BookMyFurnitureTestCases"/>
  <testcase name="bookAFurniture" time="21.056" classname="test.BookMyFurnitureTestCases"/>
  <testcase name="verifyApplicationInNewWindow" time="15.033" classname="test.BookMyFurnitureTestCases"/>
=======
<testsuite skipped="2" hostname="azstorageexp" name="test.BookMyFurnitureTestCases" tests="4" failures="0" timestamp="18 Feb 2020 18:05:41 GMT" time="34.092" errors="0">
  <testcase name="validateCredentials" time="17.566" classname="test.BookMyFurnitureTestCases"/>
  <testcase name="bookAFurniture" time="16.526" classname="test.BookMyFurnitureTestCases"/>
  <testcase name="verifyApplicationInNewTab" classname="test.BookMyFurnitureTestCases">
    <skipped/>
  </testcase> <!-- verifyApplicationInNewTab -->
  <testcase name="verifyApplicationInNewWindow" classname="test.BookMyFurnitureTestCases">
    <skipped/>
  </testcase> <!-- verifyApplicationInNewWindow -->
>>>>>>> 948b71c948102a6dcc76460ba5af29aae17fcdbd
</testsuite> <!-- test.BookMyFurnitureTestCases -->
