<?xml version="1.0" encoding="UTF-8"?>
<!-- Generated by org.testng.reporters.JUnitReportReporter -->
<testsuite skipped="0" hostname="E6ML15705" name="test.BookMyFurnitureTestCases" tests="4" failures="0" timestamp="20 Feb 2020 00:58:27 GMT" time="65.495" errors="0">
  <testcase name="validateCredentials" time="16.976" classname="test.BookMyFurnitureTestCases"/>
  <testcase name="verifyApplicationInNewTab" time="12.430" classname="test.BookMyFurnitureTestCases"/>
  <testcase name="bookAFurniture" time="21.056" classname="test.BookMyFurnitureTestCases"/>
  <testcase name="verifyApplicationInNewWindow" time="15.033" classname="test.BookMyFurnitureTestCases"/>
</testsuite> <!-- test.BookMyFurnitureTestCases -->
