<?xml version="1.0" encoding="UTF-8"?>
<!-- Generated by org.testng.reporters.JUnitReportReporter -->
<testsuite skipped="0" hostname="E6ML15705" name="test.BookMyFurnitureTestCases" tests="4" failures="0" timestamp="18 Feb 2020 00:12:55 GMT" time="61.112" errors="0">
  <testcase name="validateCredentials" time="14.534" classname="test.BookMyFurnitureTestCases"/>
  <testcase name="verifyApplicationInNewTab" time="10.304" classname="test.BookMyFurnitureTestCases"/>
  <testcase name="bookAFurniture" time="23.036" classname="test.BookMyFurnitureTestCases"/>
  <testcase name="verifyApplicationInNewWindow" time="13.238" classname="test.BookMyFurnitureTestCases"/>
</testsuite> <!-- test.BookMyFurnitureTestCases -->
