<?xml version="1.0" encoding="UTF-8"?>
<!-- Generated by org.testng.reporters.JUnitReportReporter -->
<testsuite skipped="2" hostname="azstorageexp" name="test.BookMyFurnitureTestCases" tests="4" failures="0" timestamp="18 Feb 2020 18:05:41 GMT" time="34.092" errors="0">
  <testcase name="validateCredentials" time="17.566" classname="test.BookMyFurnitureTestCases"/>
  <testcase name="bookAFurniture" time="16.526" classname="test.BookMyFurnitureTestCases"/>
  <testcase name="verifyApplicationInNewTab" classname="test.BookMyFurnitureTestCases">
    <skipped/>
  </testcase> <!-- verifyApplicationInNewTab -->
  <testcase name="verifyApplicationInNewWindow" classname="test.BookMyFurnitureTestCases">
    <skipped/>
  </testcase> <!-- verifyApplicationInNewWindow -->
</testsuite> <!-- test.BookMyFurnitureTestCases -->
