<?xml version="1.0" encoding="UTF-8"?>
<!-- Generated by org.testng.reporters.JUnitReportReporter -->
<testsuite skipped="0" hostname="E6ML15705" name="test.WebServiceAutomation" tests="3" failures="0" timestamp="18 Feb 2020 00:12:55 GMT" time="5.475" errors="0">
  <testcase name="verifyPostMethodUsingPOJO" time="4.808" classname="test.WebServiceAutomation"/>
  <testcase name="verifyPostMethod" time="0.501" classname="test.WebServiceAutomation"/>
  <testcase name="verifyGetMethod" time="0.166" classname="test.WebServiceAutomation"/>
</testsuite> <!-- test.WebServiceAutomation -->
